# JRE version: OpenJDK Runtime Environment (11.0.10) (build 11.0.10+0-b96-7249189)
# Java VM: OpenJDK 64-Bit Server VM (11.0.10+0-b96-7249189, mixed mode, tiered, compressed oops, g1 gc, windows-amd64)
Heap:
 garbage-first heap   total 335872K, used 268450K [0x0000000080000000, 0x0000000100000000)
  region size 1024K, 29 young (29696K), 1 survivors (1024K)
 Metaspace       used 132401K, capacity 137968K, committed 138112K, reserved 1169408K
  class space    used 16542K, capacity 18491K, committed 18560K, reserved 1048576K
GC Heap History (20 events):
Event: 374.686 GC heap before
{Heap before GC invocations=92 (full 0):
 garbage-first heap   total 335872K, used 208589K [0x0000000080000000, 0x0000000100000000)
  region size 1024K, 16 young (16384K), 2 survivors (2048K)
 Metaspace       used 126036K, capacity 131255K, committed 131456K, reserved 1163264K
  class space    used 15742K, capacity 17531K, committed 17536K, reserved 1048576K
}
Event: 374.695 GC heap after
{Heap after GC invocations=93 (full 0):
 garbage-first heap   total 335872K, used 194560K [0x0000000080000000, 0x0000000100000000)
  region size 1024K, 2 young (2048K), 2 survivors (2048K)
 Metaspace       used 126036K, capacity 131255K, committed 131456K, reserved 1163264K
  class space    used 15742K, capacity 17531K, committed 17536K, reserved 1048576K
}
Event: 375.063 GC heap before
{Heap before GC invocations=93 (full 0):
 garbage-first heap   total 335872K, used 253952K [0x0000000080000000, 0x0000000100000000)
  region size 1024K, 60 young (61440K), 2 survivors (2048K)
 Metaspace       used 126048K, capacity 131261K, committed 131456K, reserved 1163264K
  class space    used 15743K, capacity 17532K, committed 17536K, reserved 1048576K
}
Event: 375.070 GC heap after
{Heap after GC invocations=94 (full 0):
 garbage-first heap   total 335872K, used 199092K [0x0000000080000000, 0x0000000100000000)
  region size 1024K, 7 young (7168K), 7 survivors (7168K)
 Metaspace       used 126048K, capacity 131261K, committed 131456K, reserved 1163264K
  class space    used 15743K, capacity 17532K, committed 17536K, reserved 1048576K
}
Event: 375.652 GC heap before
{Heap before GC invocations=94 (full 0):
 garbage-first heap   total 335872K, used 259508K [0x0000000080000000, 0x0000000100000000)
  region size 1024K, 66 young (67584K), 7 survivors (7168K)
 Metaspace       used 126564K, capacity 131829K, committed 132096K, reserved 1163264K
  class space    used 15836K, capacity 17629K, committed 17664K, reserved 1048576K
}
Event: 375.666 GC heap after
{Heap after GC invocations=95 (full 0):
 garbage-first heap   total 335872K, used 206841K [0x0000000080000000, 0x0000000100000000)
  region size 1024K, 9 young (9216K), 9 survivors (9216K)
 Metaspace       used 126564K, capacity 131829K, committed 132096K, reserved 1163264K
  class space    used 15836K, capacity 17629K, committed 17664K, reserved 1048576K
}
Event: 376.523 GC heap before
{Heap before GC invocations=95 (full 0):
 garbage-first heap   total 335872K, used 266233K [0x0000000080000000, 0x0000000100000000)
  region size 1024K, 67 young (68608K), 9 survivors (9216K)
 Metaspace       used 128012K, capacity 133336K, committed 133632K, reserved 1165312K
  class space    used 15976K, capacity 17808K, committed 17920K, reserved 1048576K
}
Event: 376.537 GC heap after
{Heap after GC invocations=96 (full 0):
 garbage-first heap   total 335872K, used 210983K [0x0000000080000000, 0x0000000100000000)
  region size 1024K, 4 young (4096K), 4 survivors (4096K)
 Metaspace       used 128012K, capacity 133336K, committed 133632K, reserved 1165312K
  class space    used 15976K, capacity 17808K, committed 17920K, reserved 1048576K
}
Event: 381.416 GC heap before
{Heap before GC invocations=96 (full 0):
 garbage-first heap   total 335872K, used 269351K [0x0000000080000000, 0x0000000100000000)
  region size 1024K, 62 young (63488K), 4 survivors (4096K)
 Metaspace       used 129544K, capacity 134939K, committed 135040K, reserved 1167360K
  class space    used 16153K, capacity 17998K, committed 18048K, reserved 1048576K
}
Event: 381.423 GC heap after
{Heap after GC invocations=97 (full 0):
 garbage-first heap   total 335872K, used 214773K [0x0000000080000000, 0x0000000100000000)
  region size 1024K, 8 young (8192K), 8 survivors (8192K)
 Metaspace       used 129544K, capacity 134939K, committed 135040K, reserved 1167360K
  class space    used 16153K, capacity 17998K, committed 18048K, reserved 1048576K
}
Event: 381.724 GC heap before
{Heap before GC invocations=97 (full 0):
 garbage-first heap   total 335872K, used 274165K [0x0000000080000000, 0x0000000100000000)
  region size 1024K, 66 young (67584K), 8 survivors (8192K)
 Metaspace       used 129820K, capacity 135229K, committed 135296K, reserved 1167360K
  class space    used 16179K, capacity 18030K, committed 18048K, reserved 1048576K
}
Event: 381.735 GC heap after
{Heap after GC invocations=98 (full 0):
 garbage-first heap   total 335872K, used 225997K [0x0000000080000000, 0x0000000100000000)
  region size 1024K, 9 young (9216K), 9 survivors (9216K)
 Metaspace       used 129820K, capacity 135229K, committed 135296K, reserved 1167360K
  class space    used 16179K, capacity 18030K, committed 18048K, reserved 1048576K
}
Event: 381.884 GC heap before
{Heap before GC invocations=98 (full 0):
 garbage-first heap   total 335872K, used 277197K [0x0000000080000000, 0x0000000100000000)
  region size 1024K, 59 young (60416K), 9 survivors (9216K)
 Metaspace       used 130111K, capacity 135485K, committed 135552K, reserved 1167360K
  class space    used 16196K, capacity 18030K, committed 18048K, reserved 1048576K
}
Event: 381.891 GC heap after
{Heap after GC invocations=99 (full 0):
 garbage-first heap   total 335872K, used 229544K [0x0000000080000000, 0x0000000100000000)
  region size 1024K, 4 young (4096K), 4 survivors (4096K)
 Metaspace       used 130111K, capacity 135485K, committed 135552K, reserved 1167360K
  class space    used 16196K, capacity 18030K, committed 18048K, reserved 1048576K
}
Event: 382.744 GC heap before
{Heap before GC invocations=99 (full 0):
 garbage-first heap   total 335872K, used 279720K [0x0000000080000000, 0x0000000100000000)
  region size 1024K, 54 young (55296K), 4 survivors (4096K)
 Metaspace       used 130242K, capacity 135646K, committed 135936K, reserved 1167360K
  class space    used 16210K, capacity 18062K, committed 18176K, reserved 1048576K
}
Event: 382.749 GC heap after
{Heap after GC invocations=100 (full 0):
 garbage-first heap   total 335872K, used 239953K [0x0000000080000000, 0x0000000100000000)
  region size 1024K, 7 young (7168K), 7 survivors (7168K)
 Metaspace       used 130242K, capacity 135646K, committed 135936K, reserved 1167360K
  class space    used 16210K, capacity 18062K, committed 18176K, reserved 1048576K
}
Event: 383.181 GC heap before
{Heap before GC invocations=100 (full 0):
 garbage-first heap   total 335872K, used 280913K [0x0000000080000000, 0x0000000100000000)
  region size 1024K, 47 young (48128K), 7 survivors (7168K)
 Metaspace       used 130322K, capacity 135710K, committed 135936K, reserved 1167360K
  class space    used 16222K, capacity 18062K, committed 18176K, reserved 1048576K
}
Event: 383.186 GC heap after
{Heap after GC invocations=101 (full 0):
 garbage-first heap   total 335872K, used 241441K [0x0000000080000000, 0x0000000100000000)
  region size 1024K, 2 young (2048K), 2 survivors (2048K)
 Metaspace       used 130322K, capacity 135710K, committed 135936K, reserved 1167360K
  class space    used 16222K, capacity 18062K, committed 18176K, reserved 1048576K
}
Event: 383.547 GC heap before
{Heap before GC invocations=101 (full 0):
 garbage-first heap   total 335872K, used 283425K [0x0000000080000000, 0x0000000100000000)
  region size 1024K, 43 young (44032K), 2 survivors (2048K)
 Metaspace       used 130473K, capacity 135818K, committed 135936K, reserved 1167360K
  class space    used 16243K, capacity 18096K, committed 18176K, reserved 1048576K
}
Event: 383.548 GC heap after
{Heap after GC invocations=102 (full 0):
 garbage-first heap   total 335872K, used 240802K [0x0000000080000000, 0x0000000100000000)
  region size 1024K, 1 young (1024K), 1 survivors (1024K)
 Metaspace       used 130473K, capacity 135818K, committed 135936K, reserved 1167360K
  class space    used 16243K, capacity 18096K, committed 18176K, reserved 1048576K
}

