# JRE version: OpenJDK Runtime Environment (11.0.10) (build 11.0.10+0-b96-7249189)
# Java VM: OpenJDK 64-Bit Server VM (11.0.10+0-b96-7249189, mixed mode, tiered, compressed oops, g1 gc, windows-amd64)
Heap:
 garbage-first heap   total 262144K, used 101409K [0x0000000080000000, 0x0000000100000000)
  region size 1024K, 85 young (87040K), 12 survivors (12288K)
 Metaspace       used 47014K, capacity 48246K, committed 48380K, reserved 1091584K
  class space    used 6003K, capacity 6451K, committed 6528K, reserved 1048576K
GC Heap History (10 events):
Event: 1.427 GC heap before
{Heap before GC invocations=0 (full 0):
 garbage-first heap   total 262144K, used 29696K [0x0000000080000000, 0x0000000100000000)
  region size 1024K, 24 young (24576K), 0 survivors (0K)
 Metaspace       used 9818K, capacity 9986K, committed 10112K, reserved 1058816K
  class space    used 1022K, capacity 1102K, committed 1152K, reserved 1048576K
}
Event: 1.449 GC heap after
{Heap after GC invocations=1 (full 0):
 garbage-first heap   total 262144K, used 9257K [0x0000000080000000, 0x0000000100000000)
  region size 1024K, 3 young (3072K), 3 survivors (3072K)
 Metaspace       used 9818K, capacity 9986K, committed 10112K, reserved 1058816K
  class space    used 1022K, capacity 1102K, committed 1152K, reserved 1048576K
}
Event: 10.541 GC heap before
{Heap before GC invocations=1 (full 0):
 garbage-first heap   total 262144K, used 104489K [0x0000000080000000, 0x0000000100000000)
  region size 1024K, 97 young (99328K), 3 survivors (3072K)
 Metaspace       used 20617K, capacity 21150K, committed 21296K, reserved 1069056K
  class space    used 2514K, capacity 2688K, committed 2688K, reserved 1048576K
}
Event: 10.552 GC heap after
{Heap after GC invocations=2 (full 0):
 garbage-first heap   total 262144K, used 16402K [0x0000000080000000, 0x0000000100000000)
  region size 1024K, 10 young (10240K), 10 survivors (10240K)
 Metaspace       used 20617K, capacity 21150K, committed 21296K, reserved 1069056K
  class space    used 2514K, capacity 2688K, committed 2688K, reserved 1048576K
}
Event: 11.620 GC heap before
{Heap before GC invocations=3 (full 0):
 garbage-first heap   total 262144K, used 60434K [0x0000000080000000, 0x0000000100000000)
  region size 1024K, 53 young (54272K), 10 survivors (10240K)
 Metaspace       used 25061K, capacity 25667K, committed 25904K, reserved 1071104K
  class space    used 3250K, capacity 3453K, committed 3456K, reserved 1048576K
}
Event: 11.629 GC heap after
{Heap after GC invocations=4 (full 0):
 garbage-first heap   total 262144K, used 17998K [0x0000000080000000, 0x0000000100000000)
  region size 1024K, 2 young (2048K), 2 survivors (2048K)
 Metaspace       used 25061K, capacity 25667K, committed 25904K, reserved 1071104K
  class space    used 3250K, capacity 3453K, committed 3456K, reserved 1048576K
}
Event: 13.407 GC heap before
{Heap before GC invocations=4 (full 0):
 garbage-first heap   total 262144K, used 84558K [0x0000000080000000, 0x0000000100000000)
  region size 1024K, 68 young (69632K), 2 survivors (2048K)
 Metaspace       used 34811K, capacity 35607K, committed 35708K, reserved 1081344K
  class space    used 4529K, capacity 4832K, committed 4864K, reserved 1048576K
}
Event: 13.418 GC heap after
{Heap after GC invocations=5 (full 0):
 garbage-first heap   total 262144K, used 21966K [0x0000000080000000, 0x0000000100000000)
  region size 1024K, 6 young (6144K), 6 survivors (6144K)
 Metaspace       used 34811K, capacity 35607K, committed 35708K, reserved 1081344K
  class space    used 4529K, capacity 4832K, committed 4864K, reserved 1048576K
}
Event: 15.045 GC heap before
{Heap before GC invocations=6 (full 0):
 garbage-first heap   total 262144K, used 119246K [0x0000000080000000, 0x0000000100000000)
  region size 1024K, 98 young (100352K), 6 survivors (6144K)
 Metaspace       used 42794K, capacity 43898K, committed 44156K, reserved 1087488K
  class space    used 5438K, capacity 5814K, committed 5888K, reserved 1048576K
}
Event: 15.055 GC heap after
{Heap after GC invocations=7 (full 0):
 garbage-first heap   total 262144K, used 27681K [0x0000000080000000, 0x0000000100000000)
  region size 1024K, 12 young (12288K), 12 survivors (12288K)
 Metaspace       used 42794K, capacity 43898K, committed 44156K, reserved 1087488K
  class space    used 5438K, capacity 5814K, committed 5888K, reserved 1048576K
}

