# JRE version: OpenJDK Runtime Environment (11.0.10) (build 11.0.10+0-b96-7249189)
# Java VM: OpenJDK 64-Bit Server VM (11.0.10+0-b96-7249189, mixed mode, tiered, compressed oops, g1 gc, windows-amd64)
Heap:
 garbage-first heap   total 262144K, used 80580K [0x0000000080000000, 0x0000000100000000)
  region size 1024K, 19 young (19456K), 9 survivors (9216K)
 Metaspace       used 71506K, capacity 73451K, committed 73548K, reserved 1114112K
  class space    used 9008K, capacity 9709K, committed 9804K, reserved 1048576K
GC Heap History (18 events):
Event: 0.731 GC heap before
{Heap before GC invocations=0 (full 0):
 garbage-first heap   total 262144K, used 29696K [0x0000000080000000, 0x0000000100000000)
  region size 1024K, 24 young (24576K), 0 survivors (0K)
 Metaspace       used 9808K, capacity 9990K, committed 10112K, reserved 1058816K
  class space    used 1022K, capacity 1102K, committed 1152K, reserved 1048576K
}
Event: 0.736 GC heap after
{Heap after GC invocations=1 (full 0):
 garbage-first heap   total 262144K, used 9256K [0x0000000080000000, 0x0000000100000000)
  region size 1024K, 3 young (3072K), 3 survivors (3072K)
 Metaspace       used 9808K, capacity 9990K, committed 10112K, reserved 1058816K
  class space    used 1022K, capacity 1102K, committed 1152K, reserved 1048576K
}
Event: 3.438 GC heap before
{Heap before GC invocations=1 (full 0):
 garbage-first heap   total 262144K, used 105512K [0x0000000080000000, 0x0000000100000000)
  region size 1024K, 98 young (100352K), 3 survivors (3072K)
 Metaspace       used 20636K, capacity 21122K, committed 21248K, reserved 1067008K
  class space    used 2523K, capacity 2720K, committed 2816K, reserved 1048576K
}
Event: 3.449 GC heap after
{Heap after GC invocations=2 (full 0):
 garbage-first heap   total 262144K, used 16445K [0x0000000080000000, 0x0000000100000000)
  region size 1024K, 11 young (11264K), 11 survivors (11264K)
 Metaspace       used 20636K, capacity 21122K, committed 21248K, reserved 1067008K
  class space    used 2523K, capacity 2720K, committed 2816K, reserved 1048576K
}
Event: 4.104 GC heap before
{Heap before GC invocations=3 (full 0):
 garbage-first heap   total 262144K, used 60477K [0x0000000080000000, 0x0000000100000000)
  region size 1024K, 54 young (55296K), 11 survivors (11264K)
 Metaspace       used 25102K, capacity 25610K, committed 25728K, reserved 1071104K
  class space    used 3255K, capacity 3454K, committed 3456K, reserved 1048576K
}
Event: 4.113 GC heap after
{Heap after GC invocations=4 (full 0):
 garbage-first heap   total 262144K, used 19523K [0x0000000080000000, 0x0000000100000000)
  region size 1024K, 3 young (3072K), 3 survivors (3072K)
 Metaspace       used 25102K, capacity 25610K, committed 25728K, reserved 1071104K
  class space    used 3255K, capacity 3454K, committed 3456K, reserved 1048576K
}
Event: 5.593 GC heap before
{Heap before GC invocations=4 (full 0):
 garbage-first heap   total 262144K, used 85059K [0x0000000080000000, 0x0000000100000000)
  region size 1024K, 69 young (70656K), 3 survivors (3072K)
 Metaspace       used 35058K, capacity 35834K, committed 35840K, reserved 1081344K
  class space    used 4539K, capacity 4864K, committed 4864K, reserved 1048576K
}
Event: 5.605 GC heap after
{Heap after GC invocations=5 (full 0):
 garbage-first heap   total 262144K, used 22962K [0x0000000080000000, 0x0000000100000000)
  region size 1024K, 6 young (6144K), 6 survivors (6144K)
 Metaspace       used 35058K, capacity 35834K, committed 35840K, reserved 1081344K
  class space    used 4539K, capacity 4864K, committed 4864K, reserved 1048576K
}
Event: 7.859 GC heap before
{Heap before GC invocations=6 (full 0):
 garbage-first heap   total 262144K, used 153010K [0x0000000080000000, 0x0000000100000000)
  region size 1024K, 130 young (133120K), 6 survivors (6144K)
 Metaspace       used 44825K, capacity 45958K, committed 46156K, reserved 1089536K
  class space    used 5750K, capacity 6140K, committed 6220K, reserved 1048576K
}
Event: 7.869 GC heap after
{Heap after GC invocations=7 (full 0):
 garbage-first heap   total 262144K, used 30052K [0x0000000080000000, 0x0000000100000000)
  region size 1024K, 13 young (13312K), 13 survivors (13312K)
 Metaspace       used 44825K, capacity 45958K, committed 46156K, reserved 1089536K
  class space    used 5750K, capacity 6140K, committed 6220K, reserved 1048576K
}
Event: 10.443 GC heap before
{Heap before GC invocations=7 (full 0):
 garbage-first heap   total 262144K, used 181604K [0x0000000080000000, 0x0000000100000000)
  region size 1024K, 153 young (156672K), 13 survivors (13312K)
 Metaspace       used 54687K, capacity 56336K, committed 56524K, reserved 1097728K
  class space    used 6942K, capacity 7547K, committed 7628K, reserved 1048576K
}
Event: 10.463 GC heap after
{Heap after GC invocations=8 (full 0):
 garbage-first heap   total 262144K, used 52848K [0x0000000080000000, 0x0000000100000000)
  region size 1024K, 20 young (20480K), 20 survivors (20480K)
 Metaspace       used 54687K, capacity 56336K, committed 56524K, reserved 1097728K
  class space    used 6942K, capacity 7547K, committed 7628K, reserved 1048576K
}
Event: 11.403 GC heap before
{Heap before GC invocations=8 (full 0):
 garbage-first heap   total 262144K, used 78448K [0x0000000080000000, 0x0000000100000000)
  region size 1024K, 46 young (47104K), 20 survivors (20480K)
 Metaspace       used 58559K, capacity 60202K, committed 60236K, reserved 1101824K
  class space    used 7381K, capacity 8000K, committed 8012K, reserved 1048576K
}
Event: 11.458 GC heap after
{Heap after GC invocations=9 (full 0):
 garbage-first heap   total 262144K, used 55900K [0x0000000080000000, 0x0000000100000000)
  region size 1024K, 3 young (3072K), 3 survivors (3072K)
 Metaspace       used 58559K, capacity 60202K, committed 60236K, reserved 1101824K
  class space    used 7381K, capacity 8000K, committed 8012K, reserved 1048576K
}
Event: 13.221 GC heap before
{Heap before GC invocations=10 (full 0):
 garbage-first heap   total 262144K, used 150108K [0x0000000080000000, 0x0000000100000000)
  region size 1024K, 95 young (97280K), 3 survivors (3072K)
 Metaspace       used 65771K, capacity 67554K, committed 67660K, reserved 1107968K
  class space    used 8311K, capacity 8965K, committed 9036K, reserved 1048576K
}
Event: 13.227 GC heap after
{Heap after GC invocations=11 (full 0):
 garbage-first heap   total 262144K, used 62241K [0x0000000080000000, 0x0000000100000000)
  region size 1024K, 9 young (9216K), 9 survivors (9216K)
 Metaspace       used 65771K, capacity 67554K, committed 67660K, reserved 1107968K
  class space    used 8311K, capacity 8965K, committed 9036K, reserved 1048576K
}
Event: 15.628 GC heap before
{Heap before GC invocations=11 (full 0):
 garbage-first heap   total 262144K, used 160545K [0x0000000080000000, 0x0000000100000000)
  region size 1024K, 105 young (107520K), 9 survivors (9216K)
 Metaspace       used 70582K, capacity 72491K, committed 72652K, reserved 1112064K
  class space    used 8886K, capacity 9581K, committed 9676K, reserved 1048576K
}
Event: 15.642 GC heap after
{Heap after GC invocations=12 (full 0):
 garbage-first heap   total 262144K, used 71364K [0x0000000080000000, 0x0000000100000000)
  region size 1024K, 9 young (9216K), 9 survivors (9216K)
 Metaspace       used 70582K, capacity 72491K, committed 72652K, reserved 1112064K
  class space    used 8886K, capacity 9581K, committed 9676K, reserved 1048576K
}

